{"level":"info","message":"Listening on port 3900...","timestamp":"2018-07-25T19:02:18.260Z"}
{"level":"info","message":"Connected to mongodb://localhost/vidly...","timestamp":"2018-07-25T19:02:18.281Z"}
{"level":"info","message":"Listening on port 3900...","timestamp":"2018-07-25T19:09:55.035Z"}
{"level":"info","message":"Connected to mongodb://localhost/vidly...","timestamp":"2018-07-25T19:09:55.055Z"}
{"message":"Cannot read property 'isAdmin' of undefined","stack":"TypeError: Cannot read property 'isAdmin' of undefined\n    at module.exports (/Users/moshfeghhamedani/Dropbox/Courses/React/Demo/vidly-api-node/middleware/admin.js:8:17)\n    at /Users/moshfeghhamedani/Dropbox/Courses/React/Demo/vidly-api-node/node_modules/express-async-errors/index.js:17:17\n    at Layer.handle [as handle_request] (/Users/moshfeghhamedani/Dropbox/Courses/React/Demo/vidly-api-node/node_modules/express/lib/router/layer.js:95:5)\n    at next (/Users/moshfeghhamedani/Dropbox/Courses/React/Demo/vidly-api-node/node_modules/express/lib/router/route.js:137:13)\n    at module.exports (/Users/moshfeghhamedani/Dropbox/Courses/React/Demo/vidly-api-node/middleware/auth.js:5:36)\n    at /Users/moshfeghhamedani/Dropbox/Courses/React/Demo/vidly-api-node/node_modules/express-async-errors/index.js:17:17\n    at Layer.handle [as handle_request] (/Users/moshfeghhamedani/Dropbox/Courses/React/Demo/vidly-api-node/node_modules/express/lib/router/layer.js:95:5)\n    at next (/Users/moshfeghhamedani/Dropbox/Courses/React/Demo/vidly-api-node/node_modules/express/lib/router/route.js:137:13)\n    at Route.dispatch (/Users/moshfeghhamedani/Dropbox/Courses/React/Demo/vidly-api-node/node_modules/express/lib/router/route.js:112:3)\n    at /Users/moshfeghhamedani/Dropbox/Courses/React/Demo/vidly-api-node/node_modules/express-async-errors/index.js:17:17\n    at Layer.handle [as handle_request] (/Users/moshfeghhamedani/Dropbox/Courses/React/Demo/vidly-api-node/node_modules/express/lib/router/layer.js:95:5)\n    at /Users/moshfeghhamedani/Dropbox/Courses/React/Demo/vidly-api-node/node_modules/express/lib/router/index.js:281:22\n    at Function.process_params (/Users/moshfeghhamedani/Dropbox/Courses/React/Demo/vidly-api-node/node_modules/express/lib/router/index.js:335:12)\n    at next (/Users/moshfeghhamedani/Dropbox/Courses/React/Demo/vidly-api-node/node_modules/express/lib/router/index.js:275:10)\n    at Function.handle (/Users/moshfeghhamedani/Dropbox/Courses/React/Demo/vidly-api-node/node_modules/express/lib/router/index.js:174:3)\n    at router (/Users/moshfeghhamedani/Dropbox/Courses/React/Demo/vidly-api-node/node_modules/express/lib/router/index.js:47:12)","level":"error","timestamp":"2018-07-25T19:11:08.638Z"}
{"level":"info","message":"Listening on port 3900...","timestamp":"2018-07-25T19:11:36.087Z"}
{"level":"info","message":"Connected to mongodb://localhost/vidly...","timestamp":"2018-07-25T19:11:36.108Z"}
{"level":"info","message":"Listening on port 3900...","timestamp":"2018-07-25T19:11:40.247Z"}
{"level":"info","message":"Connected to mongodb://localhost/vidly...","timestamp":"2018-07-25T19:11:40.267Z"}
{"level":"info","message":"Listening on port 3900...","timestamp":"2018-07-25T19:11:52.261Z"}
{"level":"info","message":"Connected to mongodb://localhost/vidly...","timestamp":"2018-07-25T19:11:52.282Z"}
{"level":"info","message":"Listening on port 3900...","timestamp":"2023-03-16T19:33:29.119Z"}
{"level":"info","message":"Connected to mongodb://localhost/vidly...","timestamp":"2023-03-16T19:33:29.140Z"}
{"level":"info","message":"Listening on port 3900...","timestamp":"2023-03-17T10:19:19.969Z"}
{"level":"info","message":"Connected to mongodb://localhost/vidly...","timestamp":"2023-03-17T10:19:20.004Z"}
{"message":"Unexpected token } in JSON at position 86","stack":"SyntaxError: Unexpected token } in JSON at position 86\n    at JSON.parse (<anonymous>)\n    at parse (C:\\Users\\Pouya\\Desktop\\React stuff\\movie-table\\api\\node_modules\\body-parser\\lib\\types\\json.js:89:19)\n    at C:\\Users\\Pouya\\Desktop\\React stuff\\movie-table\\api\\node_modules\\body-parser\\lib\\read.js:121:18\n    at invokeCallback (C:\\Users\\Pouya\\Desktop\\React stuff\\movie-table\\api\\node_modules\\raw-body\\index.js:224:16)\n    at done (C:\\Users\\Pouya\\Desktop\\React stuff\\movie-table\\api\\node_modules\\raw-body\\index.js:213:7)\n    at IncomingMessage.onEnd (C:\\Users\\Pouya\\Desktop\\React stuff\\movie-table\\api\\node_modules\\raw-body\\index.js:273:7)\n    at IncomingMessage.emit (node:events:513:28)\n    at endReadableNT (node:internal/streams/readable:1359:12)\n    at process.processTicksAndRejections (node:internal/process/task_queues:82:21)","expose":true,"statusCode":400,"status":400,"body":"{\r\n    \"title\":\"something\",\r\n     \"title\":\"something\",\r\n      \"title\":\"something\",\r\n\r\n}","type":"entity.parse.failed","level":"error","timestamp":"2023-03-17T10:22:36.445Z"}
{"level":"info","message":"Listening on port 3900...","timestamp":"2023-03-17T18:35:34.866Z"}
{"level":"info","message":"Connected to mongodb://localhost/vidly...","timestamp":"2023-03-17T18:35:34.888Z"}
{"level":"info","message":"Listening on port 3900...","timestamp":"2023-03-17T19:33:45.947Z"}
{"level":"info","message":"Connected to mongodb://localhost/vidly...","timestamp":"2023-03-17T19:33:45.964Z"}
{"level":"info","message":"Listening on port 3900...","timestamp":"2023-03-17T19:34:11.354Z"}
{"level":"info","message":"Connected to mongodb://localhost/vidly...","timestamp":"2023-03-17T19:34:11.372Z"}
{"level":"info","message":"Listening on port 3900...","timestamp":"2023-03-17T19:34:43.245Z"}
{"level":"info","message":"Connected to mongodb://localhost/vidly...","timestamp":"2023-03-17T19:34:43.263Z"}
{"level":"info","message":"Listening on port 3900...","timestamp":"2023-03-17T19:43:22.824Z"}
{"level":"info","message":"Connected to mongodb://localhost/vidly...","timestamp":"2023-03-17T19:43:22.844Z"}
{"level":"info","message":"Listening on port 3900...","timestamp":"2023-03-17T19:44:06.629Z"}
{"level":"info","message":"Connected to mongodb://localhost/vidly...","timestamp":"2023-03-17T19:44:06.648Z"}
{"level":"info","message":"Listening on port 3900...","timestamp":"2023-03-17T19:47:34.799Z"}
{"level":"info","message":"Connected to mongodb://localhost/vidly...","timestamp":"2023-03-17T19:47:34.818Z"}
{"level":"info","message":"Listening on port 3900...","timestamp":"2023-03-17T19:52:35.603Z"}
{"level":"info","message":"Connected to mongodb://localhost/vidly...","timestamp":"2023-03-17T19:52:35.625Z"}
{"level":"info","message":"Listening on port 3900...","timestamp":"2023-03-17T19:56:54.277Z"}
{"level":"info","message":"Connected to mongodb://localhost/vidly...","timestamp":"2023-03-17T19:56:54.297Z"}
{"level":"info","message":"Listening on port 3900...","timestamp":"2023-03-17T19:57:58.265Z"}
{"level":"info","message":"Connected to mongodb://localhost/vidly...","timestamp":"2023-03-17T19:57:58.283Z"}
{"level":"info","message":"Listening on port 3900...","timestamp":"2023-03-17T19:58:40.005Z"}
{"level":"info","message":"Connected to mongodb://localhost/vidly...","timestamp":"2023-03-17T19:58:40.023Z"}
{"level":"info","message":"Listening on port 3900...","timestamp":"2023-03-17T19:59:17.160Z"}
{"level":"info","message":"Connected to mongodb://localhost/vidly...","timestamp":"2023-03-17T19:59:17.183Z"}
{"message":"Unexpected token _ in JSON at position 195","stack":"SyntaxError: Unexpected token _ in JSON at position 195\n    at JSON.parse (<anonymous>)\n    at parse (C:\\Users\\Pouya\\Desktop\\React stuff\\movie-table\\api\\node_modules\\body-parser\\lib\\types\\json.js:89:19)\n    at C:\\Users\\Pouya\\Desktop\\React stuff\\movie-table\\api\\node_modules\\body-parser\\lib\\read.js:121:18\n    at invokeCallback (C:\\Users\\Pouya\\Desktop\\React stuff\\movie-table\\api\\node_modules\\raw-body\\index.js:224:16)\n    at done (C:\\Users\\Pouya\\Desktop\\React stuff\\movie-table\\api\\node_modules\\raw-body\\index.js:213:7)\n    at IncomingMessage.onEnd (C:\\Users\\Pouya\\Desktop\\React stuff\\movie-table\\api\\node_modules\\raw-body\\index.js:273:7)\n    at IncomingMessage.emit (node:events:513:28)\n    at endReadableNT (node:internal/streams/readable:1359:12)\n    at process.processTicksAndRejections (node:internal/process/task_queues:82:21)","expose":true,"statusCode":400,"status":400,"body":"{\r\n    \"title\":\"Wedding Crashers\",\r\n    \"_id\" : \"64136edec4984f3208bb5204\",\r\n    \"numberInStock\":1,\r\n    \"dailyRentalRate\":2,\r\n    \"genreId\":\"64136edec4984f3208bb5201\",\r\n    \"genre\" : {\r\n        _id : 64136edec4984f3208bb5201 ,\r\n        name : \"Comedy\"\r\n    }\r\n}","type":"entity.parse.failed","level":"error","timestamp":"2023-03-17T20:07:10.102Z"}
{"level":"info","message":"Listening on port 3900...","timestamp":"2023-03-18T09:47:26.368Z"}
{"level":"info","message":"Connected to mongodb://localhost/vidly...","timestamp":"2023-03-18T09:47:26.388Z"}
{"level":"info","message":"Listening on port 3900...","timestamp":"2023-03-18T10:37:11.222Z"}
{"level":"info","message":"Connected to mongodb://localhost/vidly...","timestamp":"2023-03-18T10:37:11.241Z"}
{"level":"info","message":"Listening on port 3900...","timestamp":"2023-03-18T10:39:07.730Z"}
{"level":"info","message":"Connected to mongodb://localhost/vidly...","timestamp":"2023-03-18T10:39:07.749Z"}
{"message":"Joi.string(...).require is not a function","stack":"TypeError: Joi.string(...).require is not a function\n    at validateMovie (C:\\Users\\Pouya\\Desktop\\React stuff\\movie-table\\api\\models\\movie.js:38:27)\n    at C:\\Users\\Pouya\\Desktop\\React stuff\\movie-table\\api\\routes\\movies.js:42:21\n    at C:\\Users\\Pouya\\Desktop\\React stuff\\movie-table\\api\\node_modules\\express-async-errors\\index.js:17:17\n    at Layer.handle [as handle_request] (C:\\Users\\Pouya\\Desktop\\React stuff\\movie-table\\api\\node_modules\\express\\lib\\router\\layer.js:95:5)\n    at next (C:\\Users\\Pouya\\Desktop\\React stuff\\movie-table\\api\\node_modules\\express\\lib\\router\\route.js:137:13)\n    at module.exports (C:\\Users\\Pouya\\Desktop\\React stuff\\movie-table\\api\\middleware\\auth.js:5:43)\n    at C:\\Users\\Pouya\\Desktop\\React stuff\\movie-table\\api\\node_modules\\express-async-errors\\index.js:17:17\n    at Layer.handle [as handle_request] (C:\\Users\\Pouya\\Desktop\\React stuff\\movie-table\\api\\node_modules\\express\\lib\\router\\layer.js:95:5)\n    at next (C:\\Users\\Pouya\\Desktop\\React stuff\\movie-table\\api\\node_modules\\express\\lib\\router\\route.js:137:13)\n    at Route.dispatch (C:\\Users\\Pouya\\Desktop\\React stuff\\movie-table\\api\\node_modules\\express\\lib\\router\\route.js:112:3)\n    at C:\\Users\\Pouya\\Desktop\\React stuff\\movie-table\\api\\node_modules\\express-async-errors\\index.js:17:17\n    at Layer.handle [as handle_request] (C:\\Users\\Pouya\\Desktop\\React stuff\\movie-table\\api\\node_modules\\express\\lib\\router\\layer.js:95:5)\n    at C:\\Users\\Pouya\\Desktop\\React stuff\\movie-table\\api\\node_modules\\express\\lib\\router\\index.js:281:22\n    at param (C:\\Users\\Pouya\\Desktop\\React stuff\\movie-table\\api\\node_modules\\express\\lib\\router\\index.js:354:14)\n    at param (C:\\Users\\Pouya\\Desktop\\React stuff\\movie-table\\api\\node_modules\\express\\lib\\router\\index.js:365:14)\n    at Function.process_params (C:\\Users\\Pouya\\Desktop\\React stuff\\movie-table\\api\\node_modules\\express\\lib\\router\\index.js:410:3)","level":"error","timestamp":"2023-03-18T10:39:13.036Z"}
{"level":"info","message":"Listening on port 3900...","timestamp":"2023-03-18T10:40:02.781Z"}
{"level":"info","message":"Connected to mongodb://localhost/vidly...","timestamp":"2023-03-18T10:40:02.801Z"}
